<?xml version="1.0" encoding="UTF-8"?>
<!-- Generated by org.testng.reporters.JUnitReportReporter -->
<testsuite hostname="akilan-18633-gf" failures="0" tests="1" name="TestAutomation.PostAPITestAutomation" time="6.158" errors="0" timestamp="2023-12-07T18:27:14 IST" skipped="0">
  <testcase classname="TestAutomation.PostAPITestAutomation" name="postMethod" time="6.158"/>
</testsuite> <!-- TestAutomation.PostAPITestAutomation -->
