<?xml version="1.0" encoding="UTF-8"?>
<!-- Generated by org.testng.reporters.JUnitReportReporter -->
<testsuite hostname="akilan-18633-gf" failures="0" tests="1" name="TestAutomation.TestAPIAutomation" time="5.851" errors="0" timestamp="2023-12-08T10:29:09 IST" skipped="0">
  <testcase classname="TestAutomation.TestAPIAutomation" name="getMethod" time="5.851"/>
</testsuite> <!-- TestAutomation.TestAPIAutomation -->
