<?xml version="1.0" encoding="UTF-8"?>
<!-- Generated by org.testng.reporters.JUnitReportReporter -->
<testsuite hostname="akilan-18633-gf" failures="0" tests="1" name="TestAPIAutomation" time="2.976" errors="0" timestamp="2023-12-07T18:05:14 IST" skipped="0">
  <testcase classname="TestAPIAutomation" name="getMethod" time="2.976"/>
</testsuite> <!-- TestAPIAutomation -->
