<?xml version="1.0" encoding="UTF-8"?>
<!-- Generated by org.testng.reporters.JUnitReportReporter -->
<testsuite hostname="akilan-18633-gf" failures="0" tests="1" name="RestAssuredApiAutomation.StatusCodeValidations" time="3.822" errors="0" timestamp="2023-11-24T13:48:16 IST" skipped="0">
  <testcase classname="RestAssuredApiAutomation.StatusCodeValidations" name="statusCode" time="3.822"/>
</testsuite> <!-- RestAssuredApiAutomation.StatusCodeValidations -->
