<?xml version="1.0" encoding="UTF-8"?>
<!-- Generated by org.testng.reporters.JUnitReportReporter -->
<testsuite hostname="akilan-18633-gf" failures="0" tests="1" name="TestAutomation.PostTestAutomation" time="1.653" errors="0" timestamp="2023-12-08T10:58:04 IST" skipped="0">
  <testcase classname="TestAutomation.PostTestAutomation" name="givenValidURLAndPayload_whenPost_ThenSuccess" time="1.653"/>
</testsuite> <!-- TestAutomation.PostTestAutomation -->
