<?xml version="1.0" encoding="UTF-8"?>
<!-- Generated by org.testng.reporters.JUnitReportReporter -->
<testsuite hostname="akilan-18633-gf" failures="0" tests="2" name="util.BasicApiTest" time="4.483" errors="0" timestamp="2023-11-29T19:05:44 IST" skipped="0">
  <testcase classname="util.BasicApiTest" name="T01_StatusCodeAndGetClientsTest" time="2.869"/>
  <testcase classname="util.BasicApiTest" name="T02_GetAndroidModelPackageOptions" time="1.614"/>
</testsuite> <!-- util.BasicApiTest -->
