<?xml version="1.0" encoding="UTF-8"?>
<!-- Generated by org.testng.reporters.JUnitReportReporter -->
<testsuite hostname="akilan-18633-gf" failures="0" tests="1" name="RestAssuredApiAutomation.RestCallAPI" time="4.379" errors="0" timestamp="2023-11-23T16:24:12 IST" skipped="0">
  <testcase classname="RestAssuredApiAutomation.RestCallAPI" name="testAssertions11" time="4.379"/>
</testsuite> <!-- RestAssuredApiAutomation.RestCallAPI -->
